0 info it worked if it ends with ok
1 verbose cli [ '/Users/sandeshpoudel/.nvm/v0.10.32/bin/node',
1 verbose cli   '/Users/sandeshpoudel/.nvm/v0.10.32/bin/npm',
1 verbose cli   'start' ]
2 info using npm@1.4.28
3 info using node@v0.10.32
4 verbose run-script [ 'prestart', 'start', 'poststart' ]
5 info prestart comprice@0.0.0
6 info start comprice@0.0.0
7 verbose unsafe-perm in lifecycle true
8 info comprice@0.0.0 Failed to exec start script
9 error comprice@0.0.0 start: `node ./bin/www`
9 error Exit status 8
10 error Failed at the comprice@0.0.0 start script.
10 error This is most likely a problem with the comprice package,
10 error not with npm itself.
10 error Tell the author that this fails on your system:
10 error     node ./bin/www
10 error You can get their info via:
10 error     npm owner ls comprice
10 error There is likely additional logging output above.
11 error System Darwin 15.5.0
12 error command "/Users/sandeshpoudel/.nvm/v0.10.32/bin/node" "/Users/sandeshpoudel/.nvm/v0.10.32/bin/npm" "start"
13 error cwd /Users/sandeshpoudel/Documents/courses/Autumn 2016/Software Business Start-Up TX00CO28-3001/comprice
14 error node -v v0.10.32
15 error npm -v 1.4.28
16 error code ELIFECYCLE
17 verbose exit [ 1, true ]
